Build started 02.03.2012 0:22:30.
     1>Project "D:\Dropbox\GlobalLogic\Projects\DLL\new\my_dll\my_dll\my_dll.vcxproj" on node 2 (build target(s)).
     1>InitializeBuildStatus:
         Creating "Debug\my_dll.unsuccessfulbuild" because "AlwaysCreate" was specified.
       ClCompile:
         C:\Program Files (x86)\Microsoft Visual Studio 10.0\VC\bin\CL.exe /c /ZI /nologo /W3 /WX- /Od /Oy- /D WIN32 /D _DEBUG /D _WINDOWS /D _USRDLL /D MY_DLL_EXPORTS /D _WINDLL /D _UNICODE /D UNICODE /Gm /EHsc /RTC1 /MDd /GS /fp:precise /Zc:wchar_t /Zc:forScope /Fo"Debug\\" /Fd"Debug\vc100.pdb" /Gd /TP /analyze- /errorReport:prompt code.cpp
         code.cpp
       ManifestResourceCompile:
         All outputs are up-to-date.
       Link:
         C:\Program Files (x86)\Microsoft Visual Studio 10.0\VC\bin\link.exe /ERRORREPORT:PROMPT /OUT:"D:\Dropbox\GlobalLogic\Projects\DLL\new\my_dll\Debug\my_dll.dll" /INCREMENTAL /NOLOGO kernel32.lib user32.lib gdi32.lib winspool.lib comdlg32.lib advapi32.lib shell32.lib ole32.lib oleaut32.lib uuid.lib odbc32.lib odbccp32.lib /MANIFEST /ManifestFile:"Debug\my_dll.dll.intermediate.manifest" /MANIFESTUAC:"level='asInvoker' uiAccess='false'" /DEBUG /PDB:"D:\Dropbox\GlobalLogic\Projects\DLL\new\my_dll\Debug\my_dll.pdb" /SUBSYSTEM:WINDOWS /TLBID:1 /DYNAMICBASE /NXCOMPAT /IMPLIB:"D:\Dropbox\GlobalLogic\Projects\DLL\new\my_dll\Debug\my_dll.lib" /MACHINE:X86 /DLL Debug\my_dll.dll.embed.manifest.res
         Debug\code.obj
            Creating library D:\Dropbox\GlobalLogic\Projects\DLL\new\my_dll\Debug\my_dll.lib and object D:\Dropbox\GlobalLogic\Projects\DLL\new\my_dll\Debug\my_dll.exp
       Manifest:
         C:\Program Files (x86)\Microsoft SDKs\Windows\v7.0A\bin\mt.exe /nologo /verbose /out:"Debug\my_dll.dll.embed.manifest" /manifest Debug\my_dll.dll.intermediate.manifest
         All outputs are up-to-date.
       LinkEmbedManifest:
         All outputs are up-to-date.
         my_dll.vcxproj -> D:\Dropbox\GlobalLogic\Projects\DLL\new\my_dll\Debug\my_dll.dll
       FinalizeBuildStatus:
         Deleting file "Debug\my_dll.unsuccessfulbuild".
         Touching "Debug\my_dll.lastbuildstate".
     1>Done Building Project "D:\Dropbox\GlobalLogic\Projects\DLL\new\my_dll\my_dll\my_dll.vcxproj" (build target(s)).

Build succeeded.

Time Elapsed 00:00:03.31
